PLINK v1.90b3w 64-bit (3 Sep 2015)
Options in effect:
  --bfile /s/cgm/Cejda/_thesis/AAdata_QC/AA_train
  --covar /s/cgm/Cejda/_thesis/AAdata_QC/AA_train_PCA.eigenvec
  --lasso 0.66
  --out lasso

Hostname: cf014
Working directory: /s/cgm/Cejda/_thesis/snplist2_lasso
Start time: Tue Feb 23 02:10:36 2021

Random number seed: 1614046236
257873 MB RAM detected; reserving 128936 MB for main workspace.
7723467 variants loaded from .bim file.
2503 people (705 males, 1798 females) loaded from .fam.
2503 phenotype values loaded from .fam.
Using 1 thread.
Warning: This run includes BLAS/LAPACK linear algebra operations which
currently disregard the --threads limit.  If this is problematic, you may want
to recompile against single-threaded BLAS/LAPACK.
--covar: 4 covariates loaded.
Before main variant filters, 1527 founders and 976 nonfounders present.
Calculating allele frequencies... done.
7723467 variants and 2503 people pass filters and QC.
Among remaining phenotypes, 1089 are cases and 1414 are controls.
--lasso: using min lambda = 0.060326.
--lasso report written to lasso.lasso. Total iterations: 1043.

End time: Tue Feb 23 05:58:24 2021
