PLINK v1.90b3w 64-bit (3 Sep 2015)
Options in effect:
  --bfile /s/cgm/Cejda/_thesis/AAdata_QC/AA_train
  --extract /s/cgm/Cejda/_thesis/cadd_pval/top2000_SNPs.txt
  --out cadd_pval_top_2000_matrix_train
  --recode A

Hostname: walnut
Working directory: /s/cgm/Cejda/_thesis/cadd_pval
Start time: Thu Apr  1 13:16:32 2021

Random number seed: 1617282992
3935 MB RAM detected; reserving 1967 MB for main workspace.
7723467 variants loaded from .bim file.
2503 people (705 males, 1798 females) loaded from .fam.
2503 phenotype values loaded from .fam.
--extract: 2000 variants remaining.
Using 1 thread.
Before main variant filters, 1527 founders and 976 nonfounders present.
Calculating allele frequencies... done.
2000 variants and 2503 people pass filters and QC.
Among remaining phenotypes, 1089 are cases and 1414 are controls.
--recode A to cadd_pval_top_2000_matrix_train.raw ... done.

End time: Thu Apr  1 13:16:52 2021
